[    0.000000] Initializing cgroup subsys cpuset
[    0.000000] Initializing cgroup subsys cpu
[    0.000000] Initializing cgroup subsys cpuacct
[    0.000000] Linux version 4.4.0-130-generic (buildd@lgw01-amd64-039) (gcc version 5.4.0 20160609 (Ubuntu 5.4.0-6ubuntu1~16.04.9) ) #156-Ubuntu SMP Thu Jun 14 08:53:28 UTC 2018 (Ubuntu 4.4.0-130.156-generic 4.4.134)
[    0.000000] Command line: BOOT_IMAGE=/boot/vmlinuz-4.4.0-130-generic root=LABEL=cloudimg-rootfs ro console=tty1 console=ttyS0
[    0.000000] KERNEL supported cpus:
[    0.000000]   Intel GenuineIntel
[    0.000000]   AMD AuthenticAMD
[    0.000000]   Centaur CentaurHauls
[    0.000000] x86/fpu: xstate_offset[2]:  576, xstate_sizes[2]:  256
[    0.000000] x86/fpu: Supporting XSAVE feature 0x01: 'x87 floating point registers'
[    0.000000] x86/fpu: Supporting XSAVE feature 0x02: 'SSE registers'
[    0.000000] x86/fpu: Supporting XSAVE feature 0x04: 'AVX registers'
[    0.000000] x86/fpu: Enabled xstate features 0x7, context size is 832 bytes, using 'standard' format.
[    0.000000] x86/fpu: Using 'eager' FPU context switches.
[    0.000000] e820: BIOS-provided physical RAM map:
[    0.000000] BIOS-e820: [mem 0x0000000000000000-0x000000000009fbff] usable
[    0.000000] BIOS-e820: [mem 0x000000000009fc00-0x000000000009ffff] reserved
[    0.000000] BIOS-e820: [mem 0x00000000000f0000-0x00000000000fffff] reserved
[    0.000000] BIOS-e820: [mem 0x0000000000100000-0x000000000ffeffff] usable
[    0.000000] BIOS-e820: [mem 0x000000000fff0000-0x000000000fffffff] ACPI data
[    0.000000] BIOS-e820: [mem 0x00000000fec00000-0000000000fec00fff] reserved
[    0.000000] BIOS-e820: [mem 0x00000000fee00000-0x00000000fee00fff] reserved
[    0.000000] BIOS-e820: [mem 0x00000000fffc0000-0x00000000ffffffff] reserved
[    0.000000] NX (Execute Disable) protection: active
[    0.000000] SMBIOS 2.5 present.
[    0.000000] Hypervisor detected: KVM
[    0.000000] e820: last_pfn = 0xfff0 max_arch_pfn = 0x400000000
[    0.000000] MTRR: Disabled
[    0.000000] x86/PAT: MTRRs disabled, skipping PAT initialization too.
[    0.000000] CPU MTRRs all blank - virtualized system.
[    0.000000] x86/PAT: Configuration [0-7]: WB  WT  UC- UC  WB  WT  UC- UC  
[    0.000000] found SMP MP-table at [mem 0x0009fff0-0x0009ffff] mapped at [ffff88000009fff0]
[    0.000000] Scanning 1 areas for low memory corruption
[    0.000000] RAMDISK: [mem 0x0ec98000-0x0f73dfff]
[    0.000000] ACPI: Early table checksum verification disabled
[    0.000000] ACPI: RSDP 0x00000000000E0000 000024 (v02 VBOX  )
[    0.000000] ACPI: XSDT 0x000000000FFF0030 00003C (v01 VBOX   VBOXXSDT 00000001 ASL  00000061)
[    0.000000] ACPI: FACP 0x000000000FFF00F0 0000F4 (v04 VBOX   VBOXFACP 00000001 ASL  00000061)
[    0.000000] ACPI: DSDT 0x000000000FFF0470 00210F (v01 VBOX   VBOXBIOS 00000002 INTL 20100528)
[    0.000000] ACPI: FACS 0x000000000FFF0200 000040
[    0.000000] ACPI: FACS 0x000000000FFF0200 000040
[    0.000000] ACPI: APIC 0x000000000FFF0240 000054 (v02 VBOX   VBOXAPIC 00000001 ASL  00000061)
[    0.000000] ACPI: SSDT 0x000000000FFF02A0 0001CC (v01 VBOX   VBOXCPUT 00000002 INTL 20100528)
[    0.000000] No NUMA configuration found
[    0.000000] Faking a node at [mem 0x0000000000000000-0x000000000ffeffff]
[    0.000000] NODE_DATA(0) allocated [mem 0x0ffeb000-0x0ffeffff]
[    0.000000] kvm-clock: Using msrs 4b564d01 and 4b564d00
[    0.000000] kvm-clock: cpu 0, msr 0:ffe3001, primary cpu clock
[    0.000000] kvm-clock: using sched offset of 6454253381 cycles
[    0.000000] clocksource: kvm-clock: mask: 0xffffffffffffffff max_cycles: 0x1cd42e4dffb, max_idle_ns: 881590591483 ns
[    0.000000] Zone ranges:
[    0.000000]   DMA      [mem 0x0000000000001000-0x0000000000ffffff]
[    0.000000]   DMA32    [mem 0x0000000001000000-0x000000000ffeffff]
[    0.000000]   Normal   empty
[    0.000000]   Device   empty
[    0.000000] Movable zone start for each node
[    0.000000] Early memory node ranges
[    0.000000]   node   0: [mem 0x0000000000001000-0x000000000009efff]
[    0.000000]   node   0: [mem 0x0000000000100000-0x000000000ffeffff]
[    ..000000] Initmem setup node 0 [mem 0x0000000000001000-0x000000000ffeffff]
[    0.000000] ACPI: PM-Timer IO Port: 0x4008
[    0.000000] IOAPIC[0]: apic_id 1  version 32, address 0xfec00000, GSI 0-23
[    0.000000] ACPI: INT_SRC_OVR (bus 0 bus_irq 0 global_irq 2 dfl dfl)
[    0.000000] ACPI: INT_SRC_OVR (bus 0 bus_irq 9 global_irq 9 high level)
[    0.000000] Using ACPI (MADT) for SMP configuration information
[    0.000000] smpboot: Allowing 1 CPUs, 0 hotplug CPUs
[    0.000000] PM: Registered nosave memory: [mem 0x00000000-0x00000fff]
[    0.000000] PM: Registered nosave memory: [mem 0x0009f000-0x0009ffff]
[    0.000000] PM: Registered nosave memory: [mem 0x000a0000-0x000effff]
[    0.000000] PM: Registered nosave memory: [mem 0x000f0000-0x000fffff]
[    0.000000] e820: [mem 0x10000000-0xfebfffff] available for PCI devices
[    0.000000] Boting paravirtualized kernel on KVM
[    0.000000] clocksource: refined-jiffies: mask: 0xffffffff max_cycles: 0xffffffff, max_idle_ns: 7645519600211568 ns
[    0.000000] setup_percpu: NR_CPUS:512 nr_cpumask_bits:512 nr_cpu_ids:1 nr_node_ids:1
[    0.000000] PERCPU: Embedded 34 pages/cpu @ffff88000fc00000 s99544 r8192 d31528 u2097152
[    0.000000] PV qspinlock hash table entries: 256 (order: 0, 4096 bytes)
[    0.000000] Built 1 zonelists in Node order, mobility grouping on.  Total pages: 64376
[    0.000000] Policy zone: DMA32
[    0.000000] Kernel command line: BOOT_IMAGE=/boot/vmlinuz-4.4.0-130-generic root=LABEL=cloudimg-rootfs ro console=tty1 console=ttyS0
[    0.000000] PID hash table entries: 1024 (order: 1, 8192 bytes)
[    0.000000] Memory: 227628K/261688K available (8546K kernel code, 1313K rwdata, 4000K rodata, 1516K init, 1316K bss, 34060K reserved, 0K cma-reserved)
[    0.000000] SLUB: HWalign=64, Order=0-3, MinObject==0, CPUs=1, Nodes=1
[    0.000000] Kernel/User page tables isolation: enabled
[    0.000000] Hierarchical RCU implementation.
[    0.000000] 	Build-time adjustment of leaf fanout to 64.
[    0.000000] 	RCU restrictin  CPUs from NR_CPUS=512 to nr_cpu_ids=1.
[    0.000000] RCU: Adjusting geometry for rcu_fanout_leaf=64, nr_cpu_ids=
[    0.000000] NR_IRQS:33024 nr_irqs:256 16
[    0.000000] Console  colour VGA+ 80x25
[    0.000000] console [tty1] enabled
[    0.000000] console [ttyS0] enabled
[    0.000000] tsc: Detected 2700.000 MHz processor
[   14.152183] Calibrating delay loop (skipped) preset value.. 5400.00 BogoMIPS (lpj=10800000)
[   14.166332] pdd_max: default: 32768 minimum: 301
[   14.555519] ACPI: Core revision 20150930
[   14.777345] ACPI: 2 ACPI AML tables successfully acquired and loaded
[   14.882216] Security Framework initialized
[   14.883844] Yama: becoming mindful.
[   14.885290] AppArmor: AppArmor initialized
[   14.994830] Dentry cache hash table entries: 32768 (order: 6, 262144 bytes)
[   15.291252] Inode-cache hash table entries: 16384 (order: 5, 131072 bytes)
[   15.304998] Mount-cache hash table entries: 512 (order: 0, 4096 bytes)
[   15.508036] Mountpoint-cache hash table entries: 512 (order: 0, 4096 bytes)
[   15.806639] Initializing cgroup subsys io
[   15.909134] Initializing cgroup subsys memory
[   16.019888] Initializing cgroup subsys devices
[   16.325701] Initializing cgroup subsys freezer
[   16.336312] Initializing cgroup subsys net_cls
[   16.433656] Initializing cgroup subsys perf_event
[   16.539157] Initializing cgroup subsys net_prio
[   16.643176] Initializing cgroup subsys hugetlb
[   16.654919] Initializing cgroup subsys pids
[   16.944101] CPU: Physical Processor ID: 0
[   16.951823] mce: CPU supports 0 MCE banks
[   16.953433] process: using mwait in idle threads
[   16.955264] Last level iTLB entries: 4KB 64, 2MB 8, 4MB 8
[   17.166764] Last level dTLB entries: 4KB 64, 2MB 0, 4MB 0, 1GB 4
[   17.263334] Spectre V2 : Mitigation: Full generic retpoline
[   17.369621] Spectre V2 : Speculation control IBPB not-supported IBRS not-supported
[   17.574302] Speculative Store Bypass: Vulnerable
[   17.685440] Freeing SMP alternatives memory: 32K
[   17.875212] ftrace: allocating 32245 entries in 126 pages
[   18.092257] smpboot: APIC(0) Converting physical 0 to logical package 0
[   18.299785] smpboot: Max logical packages: 1
[   18.403513] x2apic enabled
[   18.505595] Switched APIC routing to physical x2apic.
[   18.618618] ..TIMER: vector=0x30 apic1=0 pin1=2 apic2=-1 pin2=-1
[   18.930705] APIC calibration not consistent with PM-Timer: 224ms instead of 100ms
[   19.231254] APIC delta adjusted to PM-Timer: 6250011 (14001056)
[   19.457368] smpboot: CPU0: Intel(R) Core(TM) i5-5257U CPU @ 2.70GHz (family: 0x6, model: 0x3d, stepping: 0x4)
[   19.653657] Performance Events: unsupported p6 CPU model 61 no PMU driver, software events only.
[   19.759855] KVM setup paravirtual spinlock
[   19.762133] x86: Booted up 1 node, 1 CPUs
[   19.864268] smpboot: Total of 1 processors activated (5400.00 BogoMIPS)
[   20.265715] devtmpfs: initialized
[   20.586513] evm: security.selinux
[   20.683448] evm: security.SMACK64
[   20.684894] evm: security.SMACK64EXEC
[   20.686443] evm: security.SMACK64TRANSMUTE
[   20.688058] evm: security.SMACK64MMAP
[   20.689547] evm: security.ima
[   20.690788] evm: security.capability
[   20.692447] clocksource: jiffies: mask: 0xffffffff max_cycles: 0xffffffff, max_idle_ns: 7645041785100000 ns
[   20.887193] futex hash table entries: 256 (order: 2, 16384 bytes)
[   20.889072] pinctrl core: initialized pinctrl subsystem
[   20.898418] RTC time: 17:53:58, date: 05/05/19
[   21.105763] NET: Registered protocol family 16
[   21.311489] cpuidle: using governor ladder
[   21.513145] cpuidle: using governor menu
[   21.732391] PCCT header not found.
[   21.836601] ACPI: bus type PCI registered
[   21.928334] acpiphp: ACPI Hot Plug PCI Controller Driver version: 0.5
[   22.029642] PCI: Using configuration type 1 for base access
[   22.043463] ACPI: Added _OSI(Module Device)
[   22.135532] ACPI: Added _OSI(Processor Device)
[   22.336112] ACPI: Added _OSI(3.0 _SCP Extensions)
[   22.542933] ACPI: Added _OSI(Processor Aggregator Device)
[   22.769769] ACPI: Executed 1 blocks of module-level executable AML code
[   23.170077] ACPI: Interpreter enabled
[   23.175354] ACPI: (supports S0 S5)
[   23.180800] ACPI: Using IOAPIC for interrupt routing
[   23.185714] PCI: Using host bridge windows from ACPI; if necessary, use "pci=nocrs" and report a bug
[   23.787355] ACPI: PCI Root Bridge [PCI0] (domain 0000 [bus 00-ff])
[   23.894762] acpi PNP0A03:00: _OSC: OS supports [ASPM ClockPM Segments MSI]
[   24.007194] acpi PNP0A03:00: _OSC failed (AE_NOT_FOUND); disabling ASPM
[   24.303934] acpi PNP0A03:00: fail to add MMCONFIG information, can't access extended PCI configuration space under this bridge.
[   24.409373] PCI host bridge to bus 0000:00
[   24.619689] pci_bus 0000:00: root bus resource [io  0x0000-0x0cf7 window]
[   24.621637] pci_bus 0000:00: root bus resource [io  0x0d00-0xffff window]
[   24.623546] pci_bus 0000:00: root bus resource [mem 0x000a0000-0x000bffff window]
[   24.629918] pci_bus 0000:00: root bus resource [mem 0x10000000-0xffdfffff window]
[   24.722181] pci_bus 0000:00: root bus resource [bus 00-ff]
[   24.734963] pci 0000:00:01.1: legacy IDE quirk: reg 0x10: [io  0x01f0-0x01f7]
[   24.928141] pci 0000:00:01.1: legacy IDE quirk: reg 0x14: [io  0x03f6]
[   24.931133] pci 0000:00:01.1: legacy IDE quirk: reg 0x18: [io  0x0170-0x0177]
[   25.055015] pci 0000:00:01.1: legacy IDE quirk: reg 0x1c: [io  0x0376]
[   25.446477] pci 0000:00:07.0: quirk: [io  0x4000-0x403f] claimed by PIIX4 ACPI
[   25.550314] pci 0000:00:07.0: quirk: [io  0x4100-0x410f] claimed by PIIX4 SMB
[   25.774379] ACPI: PCI Interrupt Link [LNKA] (IRQs 5 9 10 *11)
[   26.081794] ACPI: PCI Interrupt Link [LNKB] (IRQs 5 9 10 *11)
[   26.282990] ACPI: PCI Interrupt Link [LNKC] (IRQs 5 9 *10 11)
[   26.299629] ACPI: PCI Interrupt Link [LNKD] (IRQs 5 *9 10 11)
[   26.494668] ACPI: Enabled 2 GPEs in block 00 to 07
[   26.503829] vgaarb: setting as boot device: PCI:0000:00:02.0
[   26.592747] vgaarb: device added: PCI:0000:00:02.0,decodes=io+mem,owns=io+mem,locks=none
[   26.712641] vgaarb: loaded
[   26.713821] vgaarb: bridge control possible 0000:00:02.0
[   26.899754] SCSI subsystem initialized
[   27.007341] ACPI: bus type USB registered
[   27.009190] usbcore: registered new interface driver usbfs
[   27.127035] usbcore: registered new interface driver hub
[   27.319048] usbcore: registered new device driver usb
[   27.321224] PCI: Using ACPI for IRQ routing
[   27.416413] NetLabel: Initializing
[   27.434690] NetLabel:  domain hash size = 128
[   27.535101] NetLabel:  protocols = UNLABELED CIPSOv4
[   27.644184] NetLabel:  unlabeled traffic allowed by default
[   27.733528] amd_nb: Cannot enumerate AMD northbridges
[   27.943007] clocksource: Switched to clocksource kvm-clock
[   28.050982] AppArmor: AppArmor Filesystem Enabled
[   28.164500] pnp: PnP ACPI init
[   28.358266] pnp: PnP ACPI: found 3 devices
[   28.679824] clocksource: acpi_pm: mask: 0xffffff max_cycles: 0xffffff, max_idle_ns: 2085701024 ns
[   28.797718] NET: Registered protocol family 2
[   28.890111] TCP established hash table entries: 2048 (order: 2, 16384 bytes)
[   29.405283] TCP bind hash table entries: 2048 (order: 3, 32768 bytes)
[   29.726586] TCP: Hash tables configured (established 2048 bind 2048)
[   29.915441] UDP hash table entries: 256 (order: 1, 8192 bytes)
[   29.918192] UDP-Lite hash table entries: 256 (order: 1, 8192 bytes)
[   29.929044] NET: Registered protocol family 1
[   29.938992] pci 0000:00:00.0: Limiting direct PCI/PCI transfers
[   30.229392] pci 0000:00:01.0: Activating ISA DMA hang workarounds
[   30.232445] Unpacking initramfs...
[   37.711306] Freeing initrd memory: 10904K
[   37.809962] RAPL PMU detected, API unit is 2^-32 Joules, 4 fixed counters 10737418240 ms ovfl timer
[   38.235917] hw unit of domain pp0-core 2^-0 Joules
[   38.752393] hw unit of domain package 2^-0 Joules
[   38.947592] hw unit of domain dram 2^-0 Joules
[   38.956579] hw unit of domain pp1-gpu 2^-0 Joules
[   38.965209] platform rtc_cmos: registered platform RTC device (no PNP device found)
[   39.169218] Scanning for low memory corruption every 60 seconds
[   39.687699] audit: initializing netlink subsys (disabled)
[   39.883838] audit: type=2000 audit(1557078837.625:1): initialized
[   39.977459] tsc: Refined TSC clocksource calibration: 2698.908 MHz
[   40.085467] clocksource: tsc: mask: 0xffffffffffffffff max_cycles: 0x26e736ecdc1, max_idle_ns: 440795314100 ns
[   40.607116] Initialise system trusted keyring
[   40.912542] HugeTLB registered 2 MB page size, pre-allocated 0 pages
[   41.231087] zbud: loaded
[   41.240032] VFS: Disk quotas dquot_6.6.0
[   41.338411] VFS: Dquot-cache hash table entries: 512 (order 0, 4096 bytes)
[   42.066740] squashfs: version 4.0 (2009/01/31) Phillip Lougher
[   42.266760] fuse init (API version 7.23)
[   42.368459] Key type big_key registered
[   42.467006] Allocating IMA MOK and blacklist keyrings.
[   42.788948] Key type asymmetric registered
[   42.980066] Asymmetric key parser 'x509' registered
[   43.306015] Block layer SCSI generic (bsg) driver version 0.4 loaded (major 249)
[   43.513990] io scheduler noop registered
[   43.718100] io scheduler deadline registered (default)
[   44.221950] io scheduler cfq registered
[   44.537404] pci_hotplug: PCI Hot Plug PCI Core version: 0.5
[   44.542239] pciehp: PCI Express Hot Plug Controller Driver version: 0.4
[   44.559410] ACPI: AC Adapter [AC] (off-line)
[   44.758029] input: Power Button as /devices/LNXSYSTM:00/LNXPWRBN:00/input/input0
[   45.375982] ACPI: Power Button [PWRF]
[   45.485270] input: Sleep Button as /devices/LNXSYSTM:00/LNXSLPBN:00/input/input1
[   45.694733] ACPI: Sleep Button [SLPF]
[   45.902818] ACPI: Battery Slot [BAT0] (battery present)
[   46.290663] GHES: HEST is not enabled!
[   46.511648] Serial: 8250/16550 driver, 32 ports, IRQ sharing enabled
[   46.927508] 00:02: ttyS0 at I/O 0x3f8 (irq = 4, base_baud = 115200) is a 16550A
[   47.445084] Linux agpgart interface v0.103
[   47.948813] loop: module loaded
[   47.954308] scsi host0: ata_piix
[   47.958081] scsi host1: ata_piix
[   47.962676] ata1: PATA max UDMA/33 cmd 0x1f0 ctl 0x3f6 bmdma 0xd000 irq 14
[   48.166058] ata2: PATA max UDMA/33 cmd 0x170 ctl 0x376 bmdma 0xd008 irq 15
[   48.480053] libphy: Fixed MDIO Bus: probed
[   48.679110] tun: Universal TUN/TAP device driver, 1.6
[   48.877234] tun: (C) 1999-2004 Max Krasnyansky <maxk@qualcomm.com>
[   49.085687] PPP generic driver version 2.4.2
[   49.095226] ehci_hcd: USB 2.0 'Enhanced' Host Controller (EHCI) Driver
[   49.289576] ehci-pci: EHCI PCI platform driver
[   49.610131] ehci-platform: EHCI generic platform driver
[   49.909898] ohci_hcd: USB 1.1 'Open' Host Controller (OHCI) Driver
[   50.038637] ohci-pci: OHCI PCI platform driver
[   50.224428] ohci-platform: OHCI generic platform driver
[   50.232982] uhci_hcd: USB Universal Host Controller Interface driver
[   50.651535] i8042: PNP: PS/2 Controller [PNP0303:PS2K,PNP0f03:PS2M] at 0x60,0x64 irq ,,12
[   51.357149] serio: i8042 KBD port at 0x60,0x64 irq 1
[   51.465896] serio: i8042 AUX port at 0x60,0x64 irq 12
[   51.788816] mousedev: PS/2 mouse device common for all mice
[   52.100222] input: AT Translated Set 2 keyboard as /devices/platform/i8042/serio0/input/input2
[   52.395349] rtc_cmos rtc_cmos: rtc core: registered rtc_cmos as rtc0
[   52.490793] rtc_cmos rtc_cmos: alarms up to one day, 114 bytes nvram
[   52.925672] i2c /dev entries driver
[   53.235168] device-mapper: uevent: version 1.0.3
[   53.433520] device-mapper: ioctl: 4.34.0-ioctl (2015-10-28) initialised: dm-devel@redhat.com
[   53.544044] ledtrig-cpu: registered to indicate activity on CPUs
[   53.645940] NET: Registered protocol family 10
[   53.851494] NET: Registered protocol family 17
[   54.067584] Key type dns_resolver registered
[   54.375496] registered taskstats version 1
[   54.470740] Loading compiled-in X.509 certificates
[   54.667912] Loaded X.509 cert 'Build time autogenerated kernel key: b3e0fe4bcd6378c38a2c0a4648abbc1fa5043a22'
[   54.684630] zswap: loaded using pool lzo/zbud
[   55.084960] Key type trusted registered
[   55.197216] Key type encrypted registered
[   55.209216] AppArmor: AppArmor sha1 policy hashing enabled
[   55.299762] ima: No TPM chip found, activating TPM-bypass!
[   55.308484] ima: Allocated hash algorithm: sha1
[   55.314593] evm: HMAC attrs: 0x1
[   55.415931]   Magic number: 3:511:895
[   55.504997] rtc_cmos rtc_cmos: setting system clock to 2019-05-05 17:54:32 UTC (1557078872)
[   55.729081] BIOS EDD facility v0.16 2004-Jun-25, 0 devices found
[   55.816323] EDD information not available.
[   55.831975] Freeing unused kernel memory: 1516K
[   56.043560] Write protecting the kernel read-only data: 14336k
[   56.133647] Freeing unused kernel memory: 1680K
[   56.135682] Freeing unused kernel memory: 96K
Loading, please wait...
starting version 229
[   56.342722] random: systemd-udevd: uninitialized urandom read (16 bytes read, 9 bits of entropy available)
[   56.435193] random: udevadm: uninitialized urandom read (16 bytes read, 9 bits of entropy available)
[   56.662290] random: systemd-udevd: uninitialized urandom read (16 bytes read, 9 bits of entropy available)
[   56.748419] random: systemd-udevd: uninitialized urandom read (16 bytes read, 9 bits of entropy available)
[   56.855903] random: udevadm: uninitialized urandom read (16 bytes read, 9 bits of entropy available)
[   56.964960] random: systemd-udevd: uninitialized urandom read (16 bytes read, 9 bits of entropy available)
[   57.175409] random: udevadm: uninitialized urandom read (16 bytes read, 9 bits of entropy available)
[   57.584683] random: systemd-udevd: uninitialized urandom read (16 bytes read, 9 bits of entropy available)
[   57.785875] random: systemd-udevd: uninitialized urandom read (16 bytes read, 9 bits of entropy available)
[   57.904338] random: udevadm: uninitialized urandom read (16 bytes read, 9 bits of entropy available)
[   58.404038] e1000: Intel(R) PRO/1000 Network Driver - version 7.3.21-k8-NAPI
[   58.825878] e1000: Copyright (c) 1999-2006 Intel Corporation.
[   59.136951] AVX version of gcm_enc/dec engaged.
[   59.234915] AES CTR mode by8 optimization enabled
[   59.342416] Fusion MPT base driver 3.04.20
[   59.630590] Copyright (c) 1999-2008 LSI Corporation
[   59.731856] input: ImExPS/2 Generic Explorer Mouse as /devices/platform/i8042/serio1/input/input4
[   60.061202] Fusion MPT SPI Host driver 3.04.20
[   61.855360] e1000 0000:00:03.0 eth0: (PCI:33MHz:32-bit) 02:2e:d6:ba:66:f8
[   62.235349] e1000 0000:00:03.0 eth0: Intel(R) PRO/1000 Network Connection
[   62.533724] mptbase: ioc0: Initiating bringup
[   62.704213] ioc0: LSI53C1030 A0: Capabilities={Initiator}
[   63.225906] scsi host2: ioc0: LSI53C1030 A0, FwRev=00000000h, Ports=1, MaxQ=256, IRQ=20
[   63.778550] scsi 2:0:0:0: Direct-Access     VBOX     HARDDISK         1.0  PQ: 0 ANSI: 5
[   64.080662] scsi target2:0:0: Beginning Domain Validation
[   64.398201] scsi target2:0:0: Domain Validation skipping write tests
[   64.807136] scsi target2:0:0: Ending Domain Validation
[   65.638305] scsi target2:0:0: asynchronous
[   65.954886] scsi 2:0:1:0: Direct-Access     VBOX     HARDDISK         1.0  PQ: 0 ANSI: 5
[   66.367328] scsi target2:0:1: Beginning Domain Validation
[   66.881739] scsi target2:0:1: Domain Validation skipping write tests
[   66.988841] scsi target2:0:1: Ending Domain Validation
[   67.195247] scsi target2:0:1: asynchronous
[   67.395363] e1000 0000:00:08.0 eth1: (PCI:33MHz:32-bit) 08:00:27:8f:64:66
[   67.921863] e1000 0000:00:08.0 eth1: Intel(R) PRO/1000 Network Connection
[   68.224778] e1000 0000:00:03.0 enp0s3: renamed from eth0
[   68.348358] e1000 0000:00:08.0 enp0s8: renamed from eth1
[   68.551204] sd 2:0:0:0: Attached scsi generic sg0 type 0
[   68.749303] sd 2:0:0:0: [sda] 20971520 512-byte logical blocks: (10.7 GB/10.0 GiB)
[   68.869667] sd 2:0:0:0: [sda] Write Protect is off
[   69.056460] sd 2:0:1:0: [sdb] 20480 512-byte logical blocks: (10.5 MB/10.0 MiB)
[   69.073459] sd 2:0:1:0: Attached scsi generic sg1 type 0
[   69.270893] sd 2:0:0:0: [sda] Incomplete mode parameter data
[   69.386444] sd 2:0:0:0: [sda] Assuming drive cache: write through
[   69.596015] sd 2:0:1:0: [sdb] Write Protect is off
[   69.598170] sd 2:0:1:0: [sdb] Incomplete mode parameter data
[   69.782990] sd 2:0:1:0: [sdb] Assuming drive cache: write through
[   69.808456]  sda: sda1
[   69.891626] sd 2:0:1:0: [sdb] Attached SCSI disk
[   69.999841] sd 2:0:0:0: [sda] Attached SCSI disk
Begin: Loading e[   72.666103] md: linear personality registered for level -1
ssential drivers[   72.872258] md: multipath personality registered for level -4
 ... [   73.198481] md: raid0 personality registered for level 0
[   73.300303] md: raid1 personality registered for level 1
[   73.593832] raid6: sse2x1   gen()   645 MB/s
[   73.902556] raid6: sse2x1   xor()   238 MB/s
[   74.109241] raid6: sse2x2   gen()  1550 MB/s
[   74.418489] raid6: sse2x2   xor()  2569 MB/s
[   74.625503] raid6: sse2x4   gen()  5216 MB/s
[   75.244679] raid6: sse2x4   xor()  1315 MB/s
[   75.765872] raid6: using algorithm sse2x4 gen() 5216 MB/s
[   76.195503] raid6: .... xor() 1315 MB/s, rmw enabled
[   76.293896] raid6: using ssse3x2 recovery algorithm
[   76.489028] xor: automatically using best checksumming function:
[   77.215044]    avx       : 21772.000 MB/sec
[   77.422587] async_tx: api initialized (async)
[   77.637457] md: raid6 personality registered for level 6
[   78.245703] md: raid5 personality registered for level 5
[   78.658716] md: raid4 personality registered for level 4
[   79.380055] md: raid10 personality registered for level 10
done.
Begin: Running /scripts/init-premount ... done.
Begin: Mounting root file system ... Begin: Running /scri[   79.786999] Btrfs loaded
pts/local-top ... done.
Begin: Running /scripts/local-premount ... Scanning for[   80.122920] EXT4-fs (sda1): mounted filesystem with ordered data mode. Opts: (null)
 Btrfs filesystems
done.
Warning: fsck not present, so skipping root file system
done.
Begin: Running /scripts/local-bottom ... done.
Begin: Running /scripts/init-bottom ... done.
[   80.642013] systemd[1]: systemd 229 running in system mode. (+PAM +AUDIT +SELINUX +IMA +APPARMOR +SMACK +SYSVINIT +UTMP +LIBCRYPTSETUP +GCRYPT +GNUTLS +ACL +XZ -LZ4 +SECCOMP +BLKID +ELFUTILS +KMOD -IDN)
[   80.834378] systemd[1]: Detected virtualization oracle.
[   80.935407] systemd[1]: Detected architecture x86-64.
[   80.948801] random: nonblocking pool is initialized

Welcome to [1mUbuntu 16.04.4 LTS[0m!

[   81.084981] systemd[1]: Set hostname to <delight>.
[   81.990509] systemd[1]: Reached target Encrypted Volumes.
[[0;32m  OK  [0m] Reached target Encrypted Volumes.
[   82.128171] systemd[1]: Listening on /dev/initctl Compatibility Named Pipe.
[[0;32m  OK  [0m] Listening on /dev/initctl Compatibility Named Pipe.
[   82.324924] systemd[1]: Created slice System Slice.
[[0;32m  OK  [0m] Created slice System Slice.
[   82.402674] systemd[1]: Listening on Journal Socket (/dev/log).
[[0;32m  OK  [0m] Listening on Journal Socket (/dev/log).
[   82.452165] systemd[1]: Listening on udev Control Socket.
[[0;32m  OK  [0m] Listening on udev Control Socket.
[   82.640689] systemd[1]: Created slice User and Session Slice.
[[0;32m  OK  [0m] Created slice User and Session Slice.
[   82.815181] systemd[1]: Reached target Swap.
[[0;32m  OK  [0m] Reached target Swap.
[   82.855987] systemd[1]: Created slice system-serial\x2dgetty.slice.
[[0;32m  OK  [0m] Created slice system-serial\x2dgetty.slice.
[   83.031698] systemd[1]: Listening on Journal Socket.
[[0;32m  OK  [0m] Listening on Journal Socket.
[   83.048202] systemd[1]: Starting Remount Root and Kernel File Systems...
         Starting Remount Root and Kernel File Systems...
[   83.339927] systemd[1]: Starting Create list of required static device nodes for the current kernel...
         [   83.642793] EXT4-fs (sda1): re-mounted. Opts: (null)
Starting Create list of required st... nodes for the current kernel...
[   83.745446] systemd[1]: Starting Set console keymap...
         Starting Set console keymap...
[   84.049610] systemd[1]: Mounting Debug File System...
         Mounting Debug File System...
[   84.269701] systemd[1]: Mounting RPC Pipe File System...
         Mounting RPC Pipe File System...[   84.359546] RPC: Registered named UNIX socket transport module.

[   84.478239] RPC: Registered udp transport module.
[   84.672123] RPC: Registered tcp transport module.
[   84.876257] RPC: Registered tcp NFSv4.1 backchannel transport module.
[   85.090565] systemd[1]: Starting Load Kernel Modules...
         Starting Load Kernel Modules...
[   85.204510] systemd[1]: Listening on Syslog Socket.
[[0;32m  OK  [0[   85.296218] Loading iSCSI transport class v2.0-870.
m] Listening on Syslog Socket.
[   85.402063] iscsi: registered transport (tcp)
[   85.501836] systemd[1]: Starting Uncomplicated firewall...
         Starting Uncomplicated firewall...
[   85.811498] systemd[1]: Listening on LVM2 metadata daemon socket.
[[0;32m  OK  [0m] Listening on LVM2 metadata da[   85.928404] iscsi: registered transport (iser)
emon socket.
[   86.144914] systemd[1]: Mounting POSIX Message Queue File System...
         Mounting POSIX Message Queue File System...
[   86.372681] systemd[1]: Mounting Huge Pages File System...
         Mounting Huge Pages File System...
[   86.551756] systemd[1]: Started Trigger resolvconf update for networkd DNS.
[[0;32m  OK  [0m] Started Trigger resolvconf update for networkd DNS.
[   86.857272] systemd[1]: Started Forward Password Requests to Wall Directory Watch.
[[0;32m  OK  [0m] Started Forward Password Requests to Wall Directory Watch.
[   87.080336] systemd[1]: Listening on LVM2 poll daemon socket.
[[0;32m  OK  [0m] Listening on LVM2 poll daemon socket.
[   87.188322] systemd[1]: Reached target User and Group Name Lookups.
[[0;32m  OK  [0m] Reached target User and Group Name Lookups.
[   87.277506] systemd[1]: Starting Nameserver information manager...
         Starting Nameserver information manager...
[   87.503981] systemd[1]: Listening on udev Kernel Socket.
[[0;32m  OK  [0m] Listening on udev Kernel Socket.
[   87.579274] systemd[1]: Reached target Slices.
[[0;32m  OK  [0m] Reached target Slices.
[   87.770459] systemd[1]: Set up automount Arbitrary Executable File Formats File System Automount Point.
[[0;32m  OK  [0m] Set up automount Arbitrary Executab...ats File System Automount Point.
[   87.908014] systemd[1]: Listening on Device-mapper event daemon FIFOs.
[[0;32m  OK  [0m] Listening on Device-mapper event daemon FIFOs.
[   88.183530] systemd[1]: Starting Monitoring of LVM2 mirrors, snapshots etc. using dmeventd or progress polling...
         Starting Monitoring of LVM2 mirrors... dmeventd or progress polling...
[   88.423756] systemd[1]: Listening on Journal Audit Socket.
[[0;32m  OK  [0m] Listening on Journal Audit Socket.
[   88.552988] systemd[1]: Starting Journal Service...
         Starting Journal Service...
[   88.721255] systemd[1]: Mounted RPC Pipe File System.
[[0;32m  OK  [0m] Mounted RPC Pipe File System.
[   88.830051] systemd[1]: Mounted POSIX Message Queue File System.
[[0;32m  OK  [0m] Mounted POSIX Message Queue File System.
[   89.055583] systemd[1]: Mounted Huge Pages File System.
[[0;32m  OK  [0m] Mounted Huge Pages File System.
[   89.264704] systemd[1]: Mounted Debug File System.
[[0;32m  OK  [0m] Mounted Debug File System.
[   89.472173] systemd[1]: Started Journal Service.
[[0;32m  OK  [0m] Started Journal Service.
[[0;32m  OK  [0m] Started Remount Root and Kernel File Systems.
[[0;32m  OK  [0m] Started Create list of required sta...ce nodes for the current kernel.
[[0;32m  OK  [0m] Started Set console keymap.
[[0;32m  OK  [0m] Started Load Kernel Modules.
[[0;32m  OK  [0m] Started Uncomplicated firewall.
[[0;32m  OK  [0m] Started Nameserver information manager.
[[0;32m  OK  [0m] Started LVM2 metadata daemon.
         Starting Apply Kernel Variables...
         Mounting FUSE Control File System...
         Starting Create Static Device Nodes in /dev...
         Starting Load/Save Random Seed...
         Starting udev Coldplug all Devices...
         Starting Flush Journal to Persistent Storage...
[[0;32m  OK  [0m] Mounted FUSE Control File System.
[[0;32m  OK  [0m] Started Monitoring of LVM2 mirrors,...ng dmeventd or progress polling.
[[0;32m  OK  [0m] Started Apply Kernel Variables.
[[0;32m  OK  [0m] Started Create Static Device Nodes in /dev.
[[0;32m  OK  [0m] Started Load/Save Random Seed.
[[0;32m  OK  [0m] Started udev Coldplug all Devices.
[[0;32m  OK  [0m] Started Flush Journal to Persistent Storage.
         Starting udev Kernel Device Manager...
[[0;32m  OK  [0m] Started udev Kernel Device Manager.
[[0;32m  OK  [0m] Reached target Local File Systems (Pre).
[[0;32m  OK  [0m] Reached target Local File Systems.
         Starting Create Volatile Files and Directories...
         Starting LSB: AppArmor initialization...
         Starting Set console font and keymap...
         Starting Initial cloud-init job (pre-networking)...
         Starting Preprocess NFS configuration...
         Starting Tell Plymouth To Write Out Runtime Data...
[[0;32m  OK  [0m] Started Dispatch Password Requests to Console Directory Watch.
[[0;32m  OK  [0m] Started Create Volatile Files and Directories.
[[0;32m  OK  [0m] Started Set console font and keymap.
[[0;32m  OK  [0m] Started Preprocess NFS configuration.
[[0;32m  OK  [0m] Started Tell Plymouth To Write Out Runtime Data.
[[0;32m  OK  [0m] Found device /dev/ttyS0.
[[0;32m  OK  [0m] Reached target NFS client services.
[[0;32m  OK  [0m] Created slice system-getty.slice.
         Starting Update UTMP about System Boot/Shutdown...
[[0;32m  OK  [0m] Reached target System Time Synchronized.
[[0;32m  OK  [0m] Started Update UTMP about System Boot/Shutdown.
[[0;32m  OK  [0m] Found device 82540EM Gigabit Ethern...r (PRO/1000 MT Desktop Adapter).
[[0;32m  OK  [0m] Started LSB: AppArmor initialization.
[[0;32m  OK  [0m] Found device 82540EM Gigabit Ethern...r (PRO/1000 MT Desktop Adapter).
[[0;32m  OK  [0m] Listening on Load/Save RF Kill Switch Status /dev/rfkill Watch.
[   72.536180] cloud-init[542]: Cloud-init v. 18.2 running 'init-local' at Sun, 05 May 2019 17:55:15 +0000. Up 71.39 seconds.
[[0;32m  OK  [0m] Started Initial cloud-init job (pre-networking).
[[0;32m  OK  [0m] Reached target Network (Pre).
         Starting Raise network interfaces...
[[0;32m  OK  [0m] Started ifup for enp0s3.
[[0;32m  OK  [0m] Started ifup for enp0s8.
[[0;32m  OK  [0m] Started Raise network interfaces.
         Starting Initial cloud-init job (metadata service crawler)...
[[0;32m  OK  [0m] Reached target Network.
[   79.264594] cloud-init[1101]: Cloud-init v. 18.2 running 'init' at Sun, 05 May 2019 17:55:21 +0000. Up 76.97 seconds.
[   79.565132] cloud-init[1101]: ci-info: ++++++++++++++++++++++++++++++++++++++Net device info++++++++++++++++++++++++++++++++++++++
[   79.669984] cloud-init[1101]: ci-info: +--------+------+-----------------------------+---------------+-------+-------------------+
[   79.761142] cloud-init[1101]: ci-info: | Device |  Up  |           Address           |      Mask     | Scope |     Hw-Address    |
[[   79.796416] cloud-init[1101]: ci-info: +--------+------+-----------------------------+---------------+-------+-------------------+
[   79.797132] cloud-init[1101]: ci-info: | enp0s3 | True |          10.0.2.15          | 255.255.255.0 |   .   | 02:2e:d6:ba:66:f8 |
[   79.797252] cloud-init[1101]: ci-info: | enp0s3 | True |  fe80::2e:d6ff:feba:66f8/64 |       .       |  link | 02:2e:d6:ba:66:f8 |
[   79.797363] cloud-init[1101]: ci-info: | enp0s8 | True |        192.168.33.100       | 255.255.255.0 |   .   | 08:00:27:8f:64:66 |
[   79.797472] cloud-init[1101]: ci-info: | enp0s8 | True | fe80::a00:27ff:fe8f:6466/64 |       .       |  link | 08:00:27:8f:64:66 |
[   79.797588] cloud-init[1101]: ci-info: |   lo   | True |          127.0.0.1          |   255.0.0.0   |   .   |         .         |
[   79.797697] cloud-init[1101]: ci-info: |   lo   | True |           ::1/128           |       .       |  host |         .         |
[   79.797805] cloud-init[1101]: ci-info: +--------+------+-----------------------------+---------------+-------+-------------------+
[   79.797912] cloud-init[1101]: ci-info: ++++++++++++++++++++++++++++Route IPv4 info++++++++++++++++++++++++++++
[   79.798021] cloud-init[1101]: ci-info: +-------+--------------+----------+---------------+-----------+-------+
[   79.798129] cloud-init[1101]: ci-info: | Route | Destination  | Gateway  |    Genmask    | Interface | Flags |
[   79.798237] cloud-init[1101]: ci-info: +-------+--------------+----------+---------------+-----------+-------+
[   79.798348] cloud-init[1101]: ci-info: |   0   |   0.0.0.0    | 10.0.2.2 |    0.0.0.0    |   enp0s3  |   UG  |
[   79.798456] cloud-init[1101]: ci-info: |   1   |   10.0.2.0   | 0.0.0.0  | 255.255.255.0 |   enp0s3  |   U   |
[   79.798562] cloud-init[1101]: ci-info: |   2   | 192.168.33.0 | 0.0.0.0  | 255.255.255.0 |   enp0s8  |   U   |
[   79.798670] cloud-init[1101]: ci-info: +-------+--------------+----------+---------------+-----------+-------+
[0;32m  OK  [0m] Started Initial cloud-init job (metadata service crawler).
[[0;32m  OK  [0m] Reached target Network is Online.
         Starting iSCSI initiator daemon (iscsid)...
[[0;32m  OK  [0m] Reached target Cloud-config availability.
[[0;32m  OK  [0m] Reached target System Initialization.
[[0;32m  OK  [0m] Listening on RPCbind Server Activation Socket.
[[0;32m  OK  [0m] Started Daily Cleanup of Temporary Directories.
         Starting LXD - unix socket.
         Starting Socket activation for snappy daemon.
[[0;32m  OK  [0m] Listening on ACPID Listen Socket.
[[0;32m  OK  [0m] Listening on D-Bus System Message Bus Socket.
[[0;32m  OK  [0m] Started Daily apt download activities.
[[0;32m  OK  [0m] Started Daily apt upgrade and clean activities.
[[0;32m  OK  [0m] Listening on UUID daemon activation socket.
[[0;32m  OK  [0m] Started ACPI Events Check.
[[0;32m  OK  [0m] Reached target Paths.
[[0;32m  OK  [0m] Reached target Timers.
[[0;32m  OK  [0m] Listening on LXD - unix socket.
[[0;32m  OK  [0m] Listening on Socket activation for snappy daemon.
[[0;32m  OK  [0m] Started iSCSI initiator daemon (iscsid).
         Starting Login to default iSCSI targets...
[[0;32m  OK  [0m] Reached target Sockets.
[[0;32m  OK  [0m] Reached target Basic System.
[[0;32m  OK  [0m] Started D-Bus System Message Bus.
         Starting LSB: Record successful boot for GRUB...
         Starting Snappy daemon...
         Starting vboxadd-x11.service...
[[0;32m  OK  [0m] Started Regular background program processing daemon.
         Starting A high performance web server and a reverse proxy server...
[[0;32m  OK  [0m] Started Deferred execution scheduler.
         Starting Apply the settings specified in cloud-config...
         Starting OpenBSD Secure Shell server...
         Starting Accounts Service...
         Starting PM2 process manager...
         Starting System Logging Service...
[[0;32m  OK  [0m] Started ACPI event daemon.
         Starting LSB: MD monitoring daemon...
         Starting /etc/rc.local Compatibility...
[[0;32m  OK  [0m] Started Unattended Upgrades Shutdown.
[[0;32m  OK  [0m] Started FUSE filesystem for LXC.
         Starting vboxadd.service...
         Starting Login Service...
         Starting LXD - container startup/shutdown...
[[0;32m  OK  [0m] Started System Logging Service.
[[0;32m  OK  [0m] Started /etc/rc.local Compatibility.
[[0;32m  OK  [0m] Started A high performance web server and a reverse proxy server.
[[0;32m  OK  [0m] Started Login to default iSCSI targets.
[[0;32m  OK  [0m] Started LSB: Record successful boot for GRUB.
[[0;32m  OK  [0m] Reached target Remote File Systems (Pre).
[[0;32m  OK  [0m] Reached target Remote File Systems.
         Starting LSB: Set the CPU Frequency Scaling governor to "ondemand"...
         Starting Permit User Sessions...
         Starting LSB: automatic crash report generation...
         Starting LSB: daemon to balance interrupts for SMP systems...
[[0;32m  OK  [0m] Started LSB: MD monitoring daemon.
[[0;32m  OK  [0m] Started Permit User Sessions.
[[0;32m  OK  [0m] Started Login Service.
[[0;32m  OK  [0m] Started Snappy daemon.
[[0;32m  OK  [0m] Started LXD - container startup/shutdown.
[[0;32m  OK  [0m] Started OpenBSD Secure Shell server.
[[0;32m  OK  [0m] Started LSB: Set the CPU Frequency Scaling governor to "ondemand".
[[0;32m  OK  [0m] Started LSB: daemon to balance interrupts for SMP systems.
[[0;32m  OK  [0m] Created slice User Slice of vagrant.
         Starting Authenticate and Authorize Users to Run Privileged Tasks...
         Starting Wait until snapd is fully seeded...
         Starting Hold until boot process finishes up...
         Starting Terminate Plymouth Boot Screen...
[[0;32m  OK  [0m] Started vboxadd-x11.service.
[[0;32m  OK  [0m] Started LSB: automatic crash report generation.
[[0;32m  OK  [0m] Started Wait until snapd is fully seeded.
[[0;32m  OK  [0m] Started Hold until boot process finishes up.
[[0;32m  OK  [0m] Started Terminate Plymouth Boot Screen.
[[0;32m  OK  [0m] Started Authenticate and Authorize Users to Run Privileged Tasks.
[[0;32m  OK  [0m] Started Accounts Service.
[[0;32m  OK  [0m] Started Session 1 of user vagrant.
         Starting User Manager for UID 1000...
[[0;32m  OK  [0m] Started Serial Getty on ttyS0.
[[0;32m  OK  [0m] Started Getty on tty1.
[[0;32m  OK  [0m] Reached target Login Prompts.
         Starting Set console scheme...
[[0;32m  OK  [0m] Started User Manager for UID 1000.
[[0;32m  OK  [0m] Started Set console scheme.
[[0;32m  OK  [0m] Started vboxadd.service.
         Starting vboxadd-service.service...
[[0;32m  OK  [0m] Started vboxadd-service.service.
[   93.739338] cloud-init[1189]: Cloud-init v. 18.2 running 'modules:config' at Sun, 05 May 2019 17:55:36 +0000. Up 92.26 seconds.
[[0;32m  OK  [0m] Started Apply the settings specified in cloud-config.

Ubuntu 16.04.4 LTS delight ttyS0

delight login: [  101.699266] cloud-init[1638]: Cloud-init v. 18.2 running 'modules:final' at Sun, 05 May 2019 17:55:44 +0000. Up 100.73 seconds.
[  101.699877] cloud-init[1638]: Cloud-init v. 18.2 finished at Sun, 05 May 2019 17:55:45 +0000. Datasource DataSourceNoCloud [seed=/dev/sdb][dsmode=net].  Up 101.68 seconds
